kotlin version: 2.0.21
error message: org.jetbrains.kotlin.backend.common.BackendException: Backend Internal error: Exception during IR lowering
File being compiled: E:/Pro/core/util/src/main/java/com/muhammad/util/AnimationUtils.kt
The root cause java.lang.RuntimeException was thrown at: org.jetbrains.kotlin.backend.jvm.codegen.FunctionCodegen.generate(FunctionCodegen.kt:47)
	at org.jetbrains.kotlin.backend.common.CodegenUtil.reportBackendException(CodegenUtil.kt:253)
	at org.jetbrains.kotlin.backend.common.CodegenUtil.reportBackendException$default(CodegenUtil.kt:236)
	at org.jetbrains.kotlin.backend.common.phaser.PerformByIrFilePhase.invokeSequential(performByIrFile.kt:65)
	at org.jetbrains.kotlin.backend.common.phaser.PerformByIrFilePhase.invoke(performByIrFile.kt:52)
	at org.jetbrains.kotlin.backend.common.phaser.PerformByIrFilePhase.invoke(performByIrFile.kt:38)
	at org.jetbrains.kotlin.backend.common.phaser.NamedCompilerPhase.phaseBody(CompilerPhase.kt:166)
	at org.jetbrains.kotlin.backend.common.phaser.AbstractNamedCompilerPhase.invoke(CompilerPhase.kt:113)
	at org.jetbrains.kotlin.backend.common.phaser.CompositePhase.invoke(PhaseBuilders.kt:27)
	at org.jetbrains.kotlin.backend.common.phaser.CompositePhase.invoke(PhaseBuilders.kt:14)
	at org.jetbrains.kotlin.backend.common.phaser.NamedCompilerPhase.phaseBody(CompilerPhase.kt:166)
	at org.jetbrains.kotlin.backend.common.phaser.AbstractNamedCompilerPhase.invoke(CompilerPhase.kt:113)
	at org.jetbrains.kotlin.backend.common.phaser.CompilerPhaseKt.invokeToplevel(CompilerPhase.kt:62)
	at org.jetbrains.kotlin.backend.jvm.JvmIrCodegenFactory.invokeCodegen(JvmIrCodegenFactory.kt:371)
	at org.jetbrains.kotlin.codegen.CodegenFactory.generateModule(CodegenFactory.kt:47)
	at org.jetbrains.kotlin.backend.jvm.JvmIrCodegenFactory.generateModuleInFrontendIRMode(JvmIrCodegenFactory.kt:433)
	at org.jetbrains.kotlin.cli.jvm.compiler.pipeline.JvmCompilerPipelineKt.generateCodeFromIr(jvmCompilerPipeline.kt:246)
	at org.jetbrains.kotlin.cli.jvm.compiler.pipeline.JvmCompilerPipelineKt.compileModulesUsingFrontendIrAndLightTree(jvmCompilerPipeline.kt:142)
	at org.jetbrains.kotlin.cli.jvm.K2JVMCompiler.doExecute(K2JVMCompiler.kt:148)
	at org.jetbrains.kotlin.cli.jvm.K2JVMCompiler.doExecute(K2JVMCompiler.kt:43)
	at org.jetbrains.kotlin.cli.common.CLICompiler.execImpl(CLICompiler.kt:103)
	at org.jetbrains.kotlin.cli.common.CLICompiler.execImpl(CLICompiler.kt:49)
	at org.jetbrains.kotlin.cli.common.CLITool.exec(CLITool.kt:101)
	at org.jetbrains.kotlin.incremental.IncrementalJvmCompilerRunner.runCompiler(IncrementalJvmCompilerRunner.kt:464)
	at org.jetbrains.kotlin.incremental.IncrementalJvmCompilerRunner.runCompiler(IncrementalJvmCompilerRunner.kt:73)
	at org.jetbrains.kotlin.incremental.IncrementalCompilerRunner.doCompile(IncrementalCompilerRunner.kt:506)
	at org.jetbrains.kotlin.incremental.IncrementalCompilerRunner.compileImpl(IncrementalCompilerRunner.kt:423)
	at org.jetbrains.kotlin.incremental.IncrementalCompilerRunner.compileNonIncrementally(IncrementalCompilerRunner.kt:301)
	at org.jetbrains.kotlin.incremental.IncrementalCompilerRunner.compile(IncrementalCompilerRunner.kt:129)
	at org.jetbrains.kotlin.daemon.CompileServiceImplBase.execIncrementalCompiler(CompileServiceImpl.kt:675)
	at org.jetbrains.kotlin.daemon.CompileServiceImplBase.access$execIncrementalCompiler(CompileServiceImpl.kt:92)
	at org.jetbrains.kotlin.daemon.CompileServiceImpl.compile(CompileServiceImpl.kt:1660)
	at java.base/jdk.internal.reflect.DirectMethodHandleAccessor.invoke(Unknown Source)
	at java.base/java.lang.reflect.Method.invoke(Unknown Source)
	at java.rmi/sun.rmi.server.UnicastServerRef.dispatch(Unknown Source)
	at java.rmi/sun.rmi.transport.Transport$1.run(Unknown Source)
	at java.rmi/sun.rmi.transport.Transport$1.run(Unknown Source)
	at java.base/java.security.AccessController.doPrivileged(Unknown Source)
	at java.rmi/sun.rmi.transport.Transport.serviceCall(Unknown Source)
	at java.rmi/sun.rmi.transport.tcp.TCPTransport.handleMessages(Unknown Source)
	at java.rmi/sun.rmi.transport.tcp.TCPTransport$ConnectionHandler.run0(Unknown Source)
	at java.rmi/sun.rmi.transport.tcp.TCPTransport$ConnectionHandler.lambda$run$0(Unknown Source)
	at java.base/java.security.AccessController.doPrivileged(Unknown Source)
	at java.rmi/sun.rmi.transport.tcp.TCPTransport$ConnectionHandler.run(Unknown Source)
	at java.base/java.util.concurrent.ThreadPoolExecutor.runWorker(Unknown Source)
	at java.base/java.util.concurrent.ThreadPoolExecutor$Worker.run(Unknown Source)
	at java.base/java.lang.Thread.run(Unknown Source)
Caused by: java.lang.RuntimeException: Exception while generating code for:
FUN name:AnimatedTextField visibility:public modality:FINAL <> (textFieldState:androidx.compose.foundation.text.input.TextFieldState, targetEndState:kotlin.String?, modifier:androidx.compose.ui.Modifier, style:androidx.compose.ui.text.TextStyle, decorator:androidx.compose.foundation.text.input.TextFieldDecorator?) returnType:kotlin.Unit
  annotations:
    Composable
  VALUE_PARAMETER name:textFieldState index:0 type:androidx.compose.foundation.text.input.TextFieldState
  VALUE_PARAMETER name:targetEndState index:1 type:kotlin.String?
    EXPRESSION_BODY
      ERROR_EXPR 'Default Stub' type=kotlin.String?
  VALUE_PARAMETER name:modifier index:2 type:androidx.compose.ui.Modifier
    EXPRESSION_BODY
      ERROR_EXPR 'Default Stub' type=androidx.compose.ui.Modifier
  VALUE_PARAMETER name:style index:3 type:androidx.compose.ui.text.TextStyle
    EXPRESSION_BODY
      ERROR_EXPR 'Default Stub' type=androidx.compose.ui.text.TextStyle
  VALUE_PARAMETER name:decorator index:4 type:androidx.compose.foundation.text.input.TextFieldDecorator?
    EXPRESSION_BODY
      ERROR_EXPR 'Default Stub' type=androidx.compose.foundation.text.input.TextFieldDecorator?
  BLOCK_BODY
    VAR name:breakIterator type:@[FlexibleNullability] java.text.BreakIterator? [val]
      CALL 'public final fun remember <T> (key1: kotlin.Any?, calculation: @[DisallowComposableCalls] kotlin.Function0<T of androidx.compose.runtime.ComposablesKt.remember>): T of androidx.compose.runtime.ComposablesKt.remember [inline] declared in androidx.compose.runtime.ComposablesKt' type=@[FlexibleNullability] java.text.BreakIterator? origin=null
        <T>: @[FlexibleNullability] java.text.BreakIterator?
        key1: GET_VAR 'targetEndState: kotlin.String? declared in com.muhammad.util.AnimationUtilsKt.AnimatedTextField' type=kotlin.String? origin=null
        calculation: BLOCK type=kotlin.Function0<@[FlexibleNullability] java.text.BreakIterator?> origin=LAMBDA
          COMPOSITE type=kotlin.Unit origin=null
          FUNCTION_REFERENCE 'private final fun AnimatedTextField$lambda$0 (): @[FlexibleNullability] java.text.BreakIterator? declared in com.muhammad.util.AnimationUtilsKt' type=kotlin.Function0<@[FlexibleNullability] java.text.BreakIterator?> origin=INLINE_LAMBDA reflectionTarget=null
    VAR name:typingDelayInMs type:kotlin.Long [val]
      CONST Long type=kotlin.Long value=30
    CALL 'public final fun LaunchedEffect (key1: kotlin.Any?, block: @[ExtensionFunctionType] kotlin.coroutines.SuspendFunction1<kotlinx.coroutines.CoroutineScope, kotlin.Unit>): kotlin.Unit declared in androidx.compose.runtime.EffectsKt' type=kotlin.Unit origin=null
      key1: GET_VAR 'targetEndState: kotlin.String? declared in com.muhammad.util.AnimationUtilsKt.AnimatedTextField' type=kotlin.String? origin=null
      block: BLOCK type=com.muhammad.util.AnimationUtilsKt.AnimatedTextField.<no name provided> origin=null
        CLASS SUSPEND_LAMBDA CLASS name:<no name provided> modality:FINAL visibility:public/*package*/ superTypes:[kotlin.coroutines.jvm.internal.SuspendLambda; kotlin.jvm.functions.Function2<kotlinx.coroutines.CoroutineScope, kotlin.coroutines.Continuation<kotlin.Unit>?, kotlin.Any?>]
          $this: VALUE_PARAMETER INSTANCE_RECEIVER name:<this> type:com.muhammad.util.AnimationUtilsKt.AnimatedTextField.<no name provided>
          FIELD name:label type:kotlin.Int visibility:public/*package*/
          CONSTRUCTOR SUSPEND_LAMBDA visibility:public/*package*/ <> ($targetEndState:kotlin.String?, $textFieldState:androidx.compose.foundation.text.input.TextFieldState, $breakIterator:@[FlexibleNullability] java.text.BreakIterator?, $typingDelayInMs:kotlin.Long, $completion:kotlin.coroutines.Continuation<com.muhammad.util.AnimationUtilsKt.AnimatedTextField.<no name provided>>?) returnType:com.muhammad.util.AnimationUtilsKt.AnimatedTextField.<no name provided> [primary]
            VALUE_PARAMETER BOUND_VALUE_PARAMETER name:$targetEndState index:0 type:kotlin.String?
            VALUE_PARAMETER BOUND_VALUE_PARAMETER name:$textFieldState index:1 type:androidx.compose.foundation.text.input.TextFieldState
            VALUE_PARAMETER BOUND_VALUE_PARAMETER name:$breakIterator index:2 type:@[FlexibleNullability] java.text.BreakIterator?
            VALUE_PARAMETER BOUND_VALUE_PARAMETER name:$typingDelayInMs index:3 type:kotlin.Long
            VALUE_PARAMETER name:$completion index:4 type:kotlin.coroutines.Continuation<com.muhammad.util.AnimationUtilsKt.AnimatedTextField.<no name provided>>?
            BLOCK_BODY
              SET_FIELD 'FIELD FIELD_FOR_CAPTURED_VALUE name:$targetEndState type:kotlin.String? visibility:public/*package*/ [final] declared in com.muhammad.util.AnimationUtilsKt.AnimatedTextField.<no name provided>' type=kotlin.Unit origin=INITIALIZER_OF_FIELD_FOR_CAPTURED_VALUE
                receiver: GET_VAR '<this>: com.muhammad.util.AnimationUtilsKt.AnimatedTextField.<no name provided> declared in com.muhammad.util.AnimationUtilsKt.AnimatedTextField.<no name provided>' type=com.muhammad.util.AnimationUtilsKt.AnimatedTextField.<no name provided> origin=null
                value: GET_VAR '$targetEndState: kotlin.String? declared in com.muhammad.util.AnimationUtilsKt.AnimatedTextField.<no name provided>.<init>' type=kotlin.String? origin=null
              SET_FIELD 'FIELD FIELD_FOR_CAPTURED_VALUE name:$textFieldState type:androidx.compose.foundation.text.input.TextFieldState visibility:public/*package*/ [final] declared in com.muhammad.util.AnimationUtilsKt.AnimatedTextField.<no name provided>' type=kotlin.Unit origin=INITIALIZER_OF_FIELD_FOR_CAPTURED_VALUE
                receiver: GET_VAR '<this>: com.muhammad.util.AnimationUtilsKt.AnimatedTextField.<no name provided> declared in com.muhammad.util.AnimationUtilsKt.AnimatedTextField.<no name provided>' type=com.muhammad.util.AnimationUtilsKt.AnimatedTextField.<no name provided> origin=null
                value: GET_VAR '$textFieldState: androidx.compose.foundation.text.input.TextFieldState declared in com.muhammad.util.AnimationUtilsKt.AnimatedTextField.<no name provided>.<init>' type=androidx.compose.foundation.text.input.TextFieldState origin=null
              SET_FIELD 'FIELD FIELD_FOR_CAPTURED_VALUE name:$breakIterator type:@[FlexibleNullability] java.text.BreakIterator? visibility:public/*package*/ [final] declared in com.muhammad.util.AnimationUtilsKt.AnimatedTextField.<no name provided>' type=kotlin.Unit origin=INITIALIZER_OF_FIELD_FOR_CAPTURED_VALUE
                receiver: GET_VAR '<this>: com.muhammad.util.AnimationUtilsKt.AnimatedTextField.<no name provided> declared in com.muhammad.util.AnimationUtilsKt.AnimatedTextField.<no name provided>' type=com.muhammad.util.AnimationUtilsKt.AnimatedTextField.<no name provided> origin=null
                value: GET_VAR '$breakIterator: @[FlexibleNullability] java.text.BreakIterator? declared in com.muhammad.util.AnimationUtilsKt.AnimatedTextField.<no name provided>.<init>' type=@[FlexibleNullability] java.text.BreakIterator? origin=null
              SET_FIELD 'FIELD FIELD_FOR_CAPTURED_VALUE name:$typingDelayInMs type:kotlin.Long visibility:public/*package*/ [final] declared in com.muhammad.util.AnimationUtilsKt.AnimatedTextField.<no name provided>' type=kotlin.Unit origin=INITIALIZER_OF_FIELD_FOR_CAPTURED_VALUE
                receiver: GET_VAR '<this>: com.muhammad.util.AnimationUtilsKt.AnimatedTextField.<no name provided> declared in com.muhammad.util.AnimationUtilsKt.AnimatedTextField.<no name provided>' type=com.muhammad.util.AnimationUtilsKt.AnimatedTextField.<no name provided> origin=null
                value: GET_VAR '$typingDelayInMs: kotlin.Long declared in com.muhammad.util.AnimationUtilsKt.AnimatedTextField.<no name provided>.<init>' type=kotlin.Long origin=null
              DELEGATING_CONSTRUCTOR_CALL 'public constructor <init> (arity: kotlin.Int, $completion: kotlin.coroutines.Continuation<kotlin.Any?>?) declared in kotlin.coroutines.jvm.internal.SuspendLambda'
                arity: CONST Int type=kotlin.Int value=2
                $completion: GET_VAR '$completion: kotlin.coroutines.Continuation<com.muhammad.util.AnimationUtilsKt.AnimatedTextField.<no name provided>>? declared in com.muhammad.util.AnimationUtilsKt.AnimatedTextField.<no name provided>.<init>' type=kotlin.coroutines.Continuation<com.muhammad.util.AnimationUtilsKt.AnimatedTextField.<no name provided>>? origin=null
              BLOCK type=kotlin.Unit origin=null
          FUN name:invokeSuspend visibility:public modality:FINAL <> ($this:com.muhammad.util.AnimationUtilsKt.AnimatedTextField.<no name provided>, $result:kotlin.Result<kotlin.Any?>) returnType:kotlin.Any?
            overridden:
              protected abstract fun invokeSuspend ($result: kotlin.Result<kotlin.Any?>): kotlin.Any? declared in kotlin.coroutines.jvm.internal.SuspendLambda
            $this: VALUE_PARAMETER INSTANCE_RECEIVER name:<this> type:com.muhammad.util.AnimationUtilsKt.AnimatedTextField.<no name provided>
            VALUE_PARAMETER name:$result index:0 type:kotlin.Result<kotlin.Any?>
            BLOCK_BODY
              WHEN type=kotlin.Unit origin=IF
                BRANCH
                  if: CALL 'public final fun ANDAND (arg0: kotlin.Boolean, arg1: kotlin.Boolean): kotlin.Boolean declared in kotlin.internal.ir' type=kotlin.Boolean origin=null
                    arg0: CALL 'public final fun not (): kotlin.Boolean [operator] declared in kotlin.Boolean' type=kotlin.Boolean origin=EXCLEQ
                      $this: CALL 'public final fun EQEQ (arg0: kotlin.Any?, arg1: kotlin.Any?): kotlin.Boolean declared in kotlin.internal.ir' type=kotlin.Boolean origin=EXCLEQ
                        arg0: GET_FIELD 'FIELD FIELD_FOR_CAPTURED_VALUE name:$targetEndState type:kotlin.String? visibility:public/*package*/ [final] declared in com.muhammad.util.AnimationUtilsKt.AnimatedTextField.<no name provided>' type=kotlin.String? origin=null
                          receiver: GET_VAR '<this>: com.muhammad.util.AnimationUtilsKt.AnimatedTextField.<no name provided> declared in com.muhammad.util.AnimationUtilsKt.AnimatedTextField.<no name provided>.invokeSuspend' type=com.muhammad.util.AnimationUtilsKt.AnimatedTextField.<no name provided> origin=null
                        arg1: CONST Null type=kotlin.Nothing? value=null
                    arg1: CALL 'public final fun not (): kotlin.Boolean [operator] declared in kotlin.Boolean' type=kotlin.Boolean origin=null
                      $this: CALL 'public final fun startsWith$default (prefix: kotlin.CharSequence, ignoreCase: kotlin.Boolean, $mask0: kotlin.Int, $handler: kotlin.Any?): kotlin.Boolean declared in kotlin.text.StringsKt' type=kotlin.Boolean origin=DEFAULT_DISPATCH_CALL
                        $receiver: CALL 'public final fun <get-text> (): kotlin.CharSequence declared in androidx.compose.foundation.text.input.TextFieldState' type=kotlin.CharSequence origin=GET_PROPERTY
                          $this: GET_FIELD 'FIELD FIELD_FOR_CAPTURED_VALUE name:$textFieldState type:androidx.compose.foundation.text.input.TextFieldState visibility:public/*package*/ [final] declared in com.muhammad.util.AnimationUtilsKt.AnimatedTextField.<no name provided>' type=androidx.compose.foundation.text.input.TextFieldState origin=null
                            receiver: GET_VAR '<this>: com.muhammad.util.AnimationUtilsKt.AnimatedTextField.<no name provided> declared in com.muhammad.util.AnimationUtilsKt.AnimatedTextField.<no name provided>.invokeSuspend' type=com.muhammad.util.AnimationUtilsKt.AnimatedTextField.<no name provided> origin=null
                        prefix: GET_FIELD 'FIELD FIELD_FOR_CAPTURED_VALUE name:$targetEndState type:kotlin.String? visibility:public/*package*/ [final] declared in com.muhammad.util.AnimationUtilsKt.AnimatedTextField.<no name provided>' type=kotlin.String? origin=null
                          receiver: GET_VAR '<this>: com.muhammad.util.AnimationUtilsKt.AnimatedTextField.<no name provided> declared in com.muhammad.util.AnimationUtilsKt.AnimatedTextField.<no name provided>.invokeSuspend' type=com.muhammad.util.AnimationUtilsKt.AnimatedTextField.<no name provided> origin=null
                        ignoreCase: COMPOSITE type=kotlin.Boolean origin=DEFAULT_VALUE
                          CONST Boolean type=kotlin.Boolean value=false
                        $mask0: CONST Int type=kotlin.Int value=2
                        $handler: CONST Null type=kotlin.Any? value=null
                  then: BLOCK type=kotlin.Unit origin=null
                    CALL 'public final fun delay (timeMillis: kotlin.Long, $completion: kotlin.coroutines.Continuation<kotlin.Unit>): kotlin.Any? [suspend] declared in kotlinx.coroutines.DelayKt' type=kotlin.Unit origin=null
                      timeMillis: CONST Long type=kotlin.Long value=200
                      $completion: GET_VAR '<this>: com.muhammad.util.AnimationUtilsKt.AnimatedTextField.<no name provided> declared in com.muhammad.util.AnimationUtilsKt.AnimatedTextField.<no name provided>.invokeSuspend' type=com.muhammad.util.AnimationUtilsKt.AnimatedTextField.<no name provided> origin=null
                    CALL 'public abstract fun setText (p0: @[FlexibleNullability] java.text.CharacterIterator?): kotlin.Unit declared in java.text.BreakIterator' type=kotlin.Unit origin=EQ
                      $this: GET_FIELD 'FIELD FIELD_FOR_CAPTURED_VALUE name:$breakIterator type:@[FlexibleNullability] java.text.BreakIterator? visibility:public/*package*/ [final] declared in com.muhammad.util.AnimationUtilsKt.AnimatedTextField.<no name provided>' type=@[FlexibleNullability] java.text.BreakIterator? origin=null
                        receiver: GET_VAR '<this>: com.muhammad.util.AnimationUtilsKt.AnimatedTextField.<no name provided> declared in com.muhammad.util.AnimationUtilsKt.AnimatedTextField.<no name provided>.invokeSuspend' type=com.muhammad.util.AnimationUtilsKt.AnimatedTextField.<no name provided> origin=null
                      p0: CONSTRUCTOR_CALL 'public constructor <init> (p0: @[FlexibleNullability] kotlin.String?) declared in java.text.StringCharacterIterator' type=java.text.StringCharacterIterator origin=null
                        p0: GET_FIELD 'FIELD FIELD_FOR_CAPTURED_VALUE name:$targetEndState type:kotlin.String? visibility:public/*package*/ [final] declared in com.muhammad.util.AnimationUtilsKt.AnimatedTextField.<no name provided>' type=kotlin.String? origin=null
                          receiver: GET_VAR '<this>: com.muhammad.util.AnimationUtilsKt.AnimatedTextField.<no name provided> declared in com.muhammad.util.AnimationUtilsKt.AnimatedTextField.<no name provided>.invokeSuspend' type=com.muhammad.util.AnimationUtilsKt.AnimatedTextField.<no name provided> origin=null
                    COMPOSITE type=kotlin.Unit origin=null
                      VAR name:nextIndex type:kotlin.jvm.internal.Ref.IntRef [val]
                        CONSTRUCTOR_CALL 'public constructor <init> () declared in kotlin.jvm.internal.Ref.IntRef' type=kotlin.jvm.internal.Ref.IntRef origin=null
                      SET_FIELD 'FIELD IR_BUILTINS_STUB name:element type:kotlin.Int visibility:public declared in kotlin.jvm.internal.Ref.IntRef' type=kotlin.Unit origin=null
                        receiver: GET_VAR 'val nextIndex: kotlin.jvm.internal.Ref.IntRef [val] declared in com.muhammad.util.AnimationUtilsKt.AnimatedTextField.<no name provided>.invokeSuspend' type=kotlin.jvm.internal.Ref.IntRef origin=null
                        value: CALL 'public abstract fun next (): kotlin.Int [operator] declared in java.text.BreakIterator' type=kotlin.Int origin=null
                          $this: GET_FIELD 'FIELD FIELD_FOR_CAPTURED_VALUE name:$breakIterator type:@[FlexibleNullability] java.text.BreakIterator? visibility:public/*package*/ [final] declared in com.muhammad.util.AnimationUtilsKt.AnimatedTextField.<no name provided>' type=@[FlexibleNullability] java.text.BreakIterator? origin=null
                            receiver: GET_VAR '<this>: com.muhammad.util.AnimationUtilsKt.AnimatedTextField.<no name provided> declared in com.muhammad.util.AnimationUtilsKt.AnimatedTextField.<no name provided>.invokeSuspend' type=com.muhammad.util.AnimationUtilsKt.AnimatedTextField.<no name provided> origin=null
                    WHILE label=AnimationUtilsKt$AnimatedTextField$<no name provided>$invokeSuspend1 origin=WHILE_LOOP
                      condition: CALL 'public final fun not (): kotlin.Boolean [operator] declared in kotlin.Boolean' type=kotlin.Boolean origin=EXCLEQ
                        $this: CALL 'public final fun EQEQ (arg0: kotlin.Any?, arg1: kotlin.Any?): kotlin.Boolean declared in kotlin.internal.ir' type=kotlin.Boolean origin=EXCLEQ
                          arg0: GET_FIELD 'FIELD IR_BUILTINS_STUB name:element type:kotlin.Int visibility:public declared in kotlin.jvm.internal.Ref.IntRef' type=kotlin.Int origin=null
                            receiver: GET_VAR 'val nextIndex: kotlin.jvm.internal.Ref.IntRef [val] declared in com.muhammad.util.AnimationUtilsKt.AnimatedTextField.<no name provided>.invokeSuspend' type=kotlin.jvm.internal.Ref.IntRef origin=null
                          arg1: CONST Int type=kotlin.Int value=-1
                      body: BLOCK type=kotlin.Unit origin=null
                        CALL 'public final fun edit (block: @[ExtensionFunctionType] kotlin.Function1<androidx.compose.foundation.text.input.TextFieldBuffer, kotlin.Unit>): kotlin.Unit [inline] declared in androidx.compose.foundation.text.input.TextFieldState' type=kotlin.Unit origin=null
                          $this: TYPE_OP type=androidx.compose.foundation.text.input.TextFieldState origin=IMPLICIT_CAST typeOperand=androidx.compose.foundation.text.input.TextFieldState
                            GET_FIELD 'FIELD FIELD_FOR_CAPTURED_VALUE name:$textFieldState type:androidx.compose.foundation.text.input.TextFieldState visibility:public/*package*/ [final] declared in com.muhammad.util.AnimationUtilsKt.AnimatedTextField.<no name provided>' type=androidx.compose.foundation.text.input.TextFieldState origin=null
                              receiver: GET_VAR '<this>: com.muhammad.util.AnimationUtilsKt.AnimatedTextField.<no name provided> declared in com.muhammad.util.AnimationUtilsKt.AnimatedTextField.<no name provided>.invokeSuspend' type=com.muhammad.util.AnimationUtilsKt.AnimatedTextField.<no name provided> origin=null
                          block: BLOCK type=@[ExtensionFunctionType] kotlin.Function1<androidx.compose.foundation.text.input.TextFieldBuffer, kotlin.Unit> origin=LAMBDA
                            COMPOSITE type=kotlin.Unit origin=null
                            FUNCTION_REFERENCE 'private final fun invokeSuspend$lambda$0 ($targetEndState: kotlin.String?, $nextIndex: kotlin.jvm.internal.Ref.IntRef): kotlin.Unit declared in com.muhammad.util.AnimationUtilsKt.AnimatedTextField.<no name provided>' type=@[ExtensionFunctionType] kotlin.Function1<androidx.compose.foundation.text.input.TextFieldBuffer, kotlin.Unit> origin=INLINE_LAMBDA reflectionTarget=null
                              $targetEndState: GET_FIELD 'FIELD FIELD_FOR_CAPTURED_VALUE name:$targetEndState type:kotlin.String? visibility:public/*package*/ [final] declared in com.muhammad.util.AnimationUtilsKt.AnimatedTextField.<no name provided>' type=kotlin.String? origin=null
                                receiver: GET_VAR '<this>: com.muhammad.util.AnimationUtilsKt.AnimatedTextField.<no name provided> declared in com.muhammad.util.AnimationUtilsKt.AnimatedTextField.<no name provided>.invokeSuspend' type=com.muhammad.util.AnimationUtilsKt.AnimatedTextField.<no name provided> origin=null
                              $nextIndex: GET_VAR 'val nextIndex: kotlin.jvm.internal.Ref.IntRef [val] declared in com.muhammad.util.AnimationUtilsKt.AnimatedTextField.<no name provided>.invokeSuspend' type=kotlin.jvm.internal.Ref.IntRef origin=null
                        SET_FIELD 'FIELD IR_BUILTINS_STUB name:element type:kotlin.Int visibility:public declared in kotlin.jvm.internal.Ref.IntRef' type=kotlin.Unit origin=EQ
                          receiver: GET_VAR 'val nextIndex: kotlin.jvm.internal.Ref.IntRef [val] declared in com.muhammad.util.AnimationUtilsKt.AnimatedTextField.<no name provided>.invokeSuspend' type=kotlin.jvm.internal.Ref.IntRef origin=null
                          value: CALL 'public abstract fun next (): kotlin.Int [operator] declared in java.text.BreakIterator' type=kotlin.Int origin=null
                            $this: GET_FIELD 'FIELD FIELD_FOR_CAPTURED_VALUE name:$breakIterator type:@[FlexibleNullability] java.text.BreakIterator? visibility:public/*package*/ [final] declared in com.muhammad.util.AnimationUtilsKt.AnimatedTextField.<no name provided>' type=@[FlexibleNullability] java.text.BreakIterator? origin=null
                              receiver: GET_VAR '<this>: com.muhammad.util.AnimationUtilsKt.AnimatedTextField.<no name provided> declared in com.muhammad.util.AnimationUtilsKt.AnimatedTextField.<no name provided>.invokeSuspend' type=com.muhammad.util.AnimationUtilsKt.AnimatedTextField.<no name provided> origin=null
                        CALL 'public final fun delay (timeMillis: kotlin.Long, $completion: kotlin.coroutines.Continuation<kotlin.Unit>): kotlin.Any? [suspend] declared in kotlinx.coroutines.DelayKt' type=kotlin.Unit origin=null
                          timeMillis: GET_FIELD 'FIELD FIELD_FOR_CAPTURED_VALUE name:$typingDelayInMs type:kotlin.Long visibility:public/*package*/ [final] declared in com.muhammad.util.AnimationUtilsKt.AnimatedTextField.<no name provided>' type=kotlin.Long origin=null
                            receiver: GET_VAR '<this>: com.muhammad.util.AnimationUtilsKt.AnimatedTextField.<no name provided> declared in com.muhammad.util.AnimationUtilsKt.AnimatedTextField.<no name provided>.invokeSuspend' type=com.muhammad.util.AnimationUtilsKt.AnimatedTextField.<no name provided> origin=null
                          $completion: GET_VAR '<this>: com.muhammad.util.AnimationUtilsKt.AnimatedTextField.<no name provided> declared in com.muhammad.util.AnimationUtilsKt.AnimatedTextField.<no name provided>.invokeSuspend' type=com.muhammad.util.AnimationUtilsKt.AnimatedTextField.<no name provided> origin=null
          FUN name:create visibility:public modality:FINAL <> ($this:com.muhammad.util.AnimationUtilsKt.AnimatedTextField.<no name provided>, value:kotlin.Any?, $completion:kotlin.coroutines.Continuation<kotlin.Nothing>) returnType:kotlin.coroutines.Continuation<kotlin.Unit>
            overridden:
              public open fun create (value: kotlin.Any?, $completion: kotlin.coroutines.Continuation<kotlin.Nothing>): kotlin.coroutines.Continuation<kotlin.Unit> declared in kotlin.coroutines.jvm.internal.SuspendLambda
            $this: VALUE_PARAMETER INSTANCE_RECEIVER name:<this> type:com.muhammad.util.AnimationUtilsKt.AnimatedTextField.<no name provided>
            VALUE_PARAMETER name:value index:0 type:kotlin.Any?
            VALUE_PARAMETER name:$completion index:1 type:kotlin.coroutines.Continuation<kotlin.Nothing>
            BLOCK_BODY
              RETURN type=kotlin.Nothing from='public final fun create (value: kotlin.Any?, $completion: kotlin.coroutines.Continuation<kotlin.Nothing>): kotlin.coroutines.Continuation<kotlin.Unit> declared in com.muhammad.util.AnimationUtilsKt.AnimatedTextField.<no name provided>'
                CONSTRUCTOR_CALL 'public/*package*/ constructor <init> ($targetEndState: kotlin.String?, $textFieldState: androidx.compose.foundation.text.input.TextFieldState, $breakIterator: @[FlexibleNullability] java.text.BreakIterator?, $typingDelayInMs: kotlin.Long, $completion: kotlin.coroutines.Continuation<com.muhammad.util.AnimationUtilsKt.AnimatedTextField.<no name provided>>?) [primary] declared in com.muhammad.util.AnimationUtilsKt.AnimatedTextField.<no name provided>' type=com.muhammad.util.AnimationUtilsKt.AnimatedTextField.<no name provided> origin=null
                  $targetEndState: GET_FIELD 'FIELD FIELD_FOR_CAPTURED_VALUE name:$targetEndState type:kotlin.String? visibility:public/*package*/ [final] declared in com.muhammad.util.AnimationUtilsKt.AnimatedTextField.<no name provided>' type=kotlin.String? origin=null
                    receiver: GET_VAR '<this>: com.muhammad.util.AnimationUtilsKt.AnimatedTextField.<no name provided> declared in com.muhammad.util.AnimationUtilsKt.AnimatedTextField.<no name provided>.create' type=com.muhammad.util.AnimationUtilsKt.AnimatedTextField.<no name provided> origin=null
                  $textFieldState: GET_FIELD 'FIELD FIELD_FOR_CAPTURED_VALUE name:$textFieldState type:androidx.compose.foundation.text.input.TextFieldState visibility:public/*package*/ [final] declared in com.muhammad.util.AnimationUtilsKt.AnimatedTextField.<no name provided>' type=androidx.compose.foundation.text.input.TextFieldState origin=null
                    receiver: GET_VAR '<this>: com.muhammad.util.AnimationUtilsKt.AnimatedTextField.<no name provided> declared in com.muhammad.util.AnimationUtilsKt.AnimatedTextField.<no name provided>.create' type=com.muhammad.util.AnimationUtilsKt.AnimatedTextField.<no name provided> origin=null
                  $breakIterator: GET_FIELD 'FIELD FIELD_FOR_CAPTURED_VALUE name:$breakIterator type:@[FlexibleNullability] java.text.BreakIterator? visibility:public/*package*/ [final] declared in com.muhammad.util.AnimationUtilsKt.AnimatedTextField.<no name provided>' type=@[FlexibleNullability] java.text.BreakIterator? origin=null
                    receiver: GET_VAR '<this>: com.muhammad.util.AnimationUtilsKt.AnimatedTextField.<no name provided> declared in com.muhammad.util.AnimationUtilsKt.AnimatedTextField.<no name provided>.create' type=com.muhammad.util.AnimationUtilsKt.AnimatedTextField.<no name provided> origin=null
                  $typingDelayInMs: GET_FIELD 'FIELD FIELD_FOR_CAPTURED_VALUE name:$typingDelayInMs type:kotlin.Long visibility:public/*package*/ [final] declared in com.muhammad.util.AnimationUtilsKt.AnimatedTextField.<no name provided>' type=kotlin.Long origin=null
                    receiver: GET_VAR '<this>: com.muhammad.util.AnimationUtilsKt.AnimatedTextField.<no name provided> declared in com.muhammad.util.AnimationUtilsKt.AnimatedTextField.<no name provided>.create' type=com.muhammad.util.AnimationUtilsKt.AnimatedTextField.<no name provided> origin=null
                  $completion: GET_VAR '$completion: kotlin.coroutines.Continuation<kotlin.Nothing> declared in com.muhammad.util.AnimationUtilsKt.AnimatedTextField.<no name provided>.create' type=kotlin.coroutines.Continuation<kotlin.Nothing> origin=null
          FUN name:invoke visibility:public modality:FINAL <> ($this:com.muhammad.util.AnimationUtilsKt.AnimatedTextField.<no name provided>, p1:kotlinx.coroutines.CoroutineScope, p2:kotlin.coroutines.Continuation<kotlin.Unit>?) returnType:kotlin.Any?
            overridden:
              public abstract fun invoke (p1: P1 of kotlin.jvm.functions.Function2, p2: P2 of kotlin.jvm.functions.Function2): R of kotlin.jvm.functions.Function2 declared in kotlin.jvm.functions.Function2
            $this: VALUE_PARAMETER INSTANCE_RECEIVER name:<this> type:com.muhammad.util.AnimationUtilsKt.AnimatedTextField.<no name provided>
            VALUE_PARAMETER name:p1 index:0 type:kotlinx.coroutines.CoroutineScope
            VALUE_PARAMETER name:p2 index:1 type:kotlin.coroutines.Continuation<kotlin.Unit>?
            BLOCK_BODY
              RETURN type=kotlin.Nothing from='public final fun invoke (p1: kotlinx.coroutines.CoroutineScope, p2: kotlin.coroutines.Continuation<kotlin.Unit>?): kotlin.Any? declared in com.muhammad.util.AnimationUtilsKt.AnimatedTextField.<no name provided>'
                CALL 'public final fun invokeSuspend ($result: kotlin.Result<kotlin.Any?>): kotlin.Any? declared in com.muhammad.util.AnimationUtilsKt.AnimatedTextField.<no name provided>' type=kotlin.Any? origin=null
                  $this: TYPE_OP type=com.muhammad.util.AnimationUtilsKt.AnimatedTextField.<no name provided> origin=IMPLICIT_CAST typeOperand=com.muhammad.util.AnimationUtilsKt.AnimatedTextField.<no name provided>
                    CALL 'public final fun create (value: kotlin.Any?, $completion: kotlin.coroutines.Continuation<kotlin.Nothing>): kotlin.coroutines.Continuation<kotlin.Unit> declared in com.muhammad.util.AnimationUtilsKt.AnimatedTextField.<no name provided>' type=kotlin.coroutines.Continuation<kotlin.Unit> origin=null
                      $this: GET_VAR '<this>: com.muhammad.util.AnimationUtilsKt.AnimatedTextField.<no name provided> declared in com.muhammad.util.AnimationUtilsKt.AnimatedTextField.<no name provided>.invoke' type=com.muhammad.util.AnimationUtilsKt.AnimatedTextField.<no name provided> origin=null
                      value: GET_VAR 'p1: kotlinx.coroutines.CoroutineScope declared in com.muhammad.util.AnimationUtilsKt.AnimatedTextField.<no name provided>.invoke' type=kotlinx.coroutines.CoroutineScope origin=null
                      $completion: GET_VAR 'p2: kotlin.coroutines.Continuation<kotlin.Unit>? declared in com.muhammad.util.AnimationUtilsKt.AnimatedTextField.<no name provided>.invoke' type=kotlin.coroutines.Continuation<kotlin.Unit>? origin=null
                  $result: CALL 'public final fun <unsafe-coerce> <T, R> (v: T of kotlin.jvm.internal.<unsafe-coerce>): R of kotlin.jvm.internal.<unsafe-coerce> declared in kotlin.jvm.internal' type=kotlin.Result<kotlin.Any?> origin=null
                    <T>: kotlin.Any?
                    <R>: kotlin.Result<kotlin.Any?>
                    v: GET_FIELD 'FIELD FIELD_FOR_OBJECT_INSTANCE name:INSTANCE type:kotlin.Unit visibility:public [final,static] declared in kotlin.Unit' type=kotlin.Unit origin=null
          FIELD FIELD_FOR_CAPTURED_VALUE name:$targetEndState type:kotlin.String? visibility:public/*package*/ [final]
          FIELD FIELD_FOR_CAPTURED_VALUE name:$textFieldState type:androidx.compose.foundation.text.input.TextFieldState visibility:public/*package*/ [final]
          FIELD FIELD_FOR_CAPTURED_VALUE name:$breakIterator type:@[FlexibleNullability] java.text.BreakIterator? visibility:public/*package*/ [final]
          FIELD FIELD_FOR_CAPTURED_VALUE name:$typingDelayInMs type:kotlin.Long visibility:public/*package*/ [final]
          FUN INLINE_LAMBDA name:invokeSuspend$lambda$0 visibility:private modality:FINAL <> ($receiver:androidx.compose.foundation.text.input.TextFieldBuffer, $targetEndState:kotlin.String?, $nextIndex:kotlin.jvm.internal.Ref.IntRef) returnType:kotlin.Unit
            $receiver: VALUE_PARAMETER name:$this$edit type:androidx.compose.foundation.text.input.TextFieldBuffer
            VALUE_PARAMETER BOUND_VALUE_PARAMETER name:$targetEndState index:0 type:kotlin.String?
            VALUE_PARAMETER BOUND_VALUE_PARAMETER name:$nextIndex index:1 type:kotlin.jvm.internal.Ref.IntRef
            BLOCK_BODY
              VAR name:$i$a$-edit-AnimationUtilsKt$AnimatedTextField$1$1 type:kotlin.Int [val]
                CONST Int type=kotlin.Int value=0
              CALL 'public final fun replace (start: kotlin.Int, end: kotlin.Int, text: kotlin.CharSequence): kotlin.Unit declared in androidx.compose.foundation.text.input.TextFieldBuffer' type=kotlin.Unit origin=null
                $this: GET_VAR '$this$edit: androidx.compose.foundation.text.input.TextFieldBuffer declared in com.muhammad.util.AnimationUtilsKt.AnimatedTextField.<no name provided>.invokeSuspend$lambda$0' type=androidx.compose.foundation.text.input.TextFieldBuffer origin=null
                start: CONST Int type=kotlin.Int value=0
                end: CALL 'public final fun <get-length> (): kotlin.Int declared in androidx.compose.foundation.text.input.TextFieldBuffer' type=kotlin.Int origin=GET_PROPERTY
                  $this: GET_VAR '$this$edit: androidx.compose.foundation.text.input.TextFieldBuffer declared in com.muhammad.util.AnimationUtilsKt.AnimatedTextField.<no name provided>.invokeSuspend$lambda$0' type=androidx.compose.foundation.text.input.TextFieldBuffer origin=null
                text: CALL 'public open fun toString (): kotlin.String declared in kotlin.String' type=kotlin.String origin=null
                  $this: CALL 'public final fun substring (startIndex: kotlin.Int, endIndex: kotlin.Int): kotlin.String [inline] declared in kotlin.text.StringsKt' type=kotlin.String origin=null
                    $receiver: GET_VAR '$targetEndState: kotlin.String? declared in com.muhammad.util.AnimationUtilsKt.AnimatedTextField.<no name provided>.invokeSuspend$lambda$0' type=kotlin.String? origin=null
                    startIndex: CONST Int type=kotlin.Int value=0
                    endIndex: GET_FIELD 'FIELD IR_BUILTINS_STUB name:element type:kotlin.Int visibility:public declared in kotlin.jvm.internal.Ref.IntRef' type=kotlin.Int origin=null
                      receiver: GET_VAR '$nextIndex: kotlin.jvm.internal.Ref.IntRef declared in com.muhammad.util.AnimationUtilsKt.AnimatedTextField.<no name provided>.invokeSuspend$lambda$0' type=kotlin.jvm.internal.Ref.IntRef origin=null
          FUN BRIDGE name:invoke visibility:public modality:OPEN <> ($this:com.muhammad.util.AnimationUtilsKt.AnimatedTextField.<no name provided>, p1:kotlin.Any?, p2:kotlin.Any?) returnType:kotlin.Any?
            $this: VALUE_PARAMETER INSTANCE_RECEIVER name:<this> type:com.muhammad.util.AnimationUtilsKt.AnimatedTextField.<no name provided>
            VALUE_PARAMETER BRIDGE name:p1 index:0 type:kotlin.Any?
            VALUE_PARAMETER BRIDGE name:p2 index:1 type:kotlin.Any?
            EXPRESSION_BODY
              RETURN type=kotlin.Nothing from='public open fun invoke (p1: kotlin.Any?, p2: kotlin.Any?): kotlin.Any? declared in com.muhammad.util.AnimationUtilsKt.AnimatedTextField.<no name provided>'
                CALL 'public final fun invoke (p1: kotlinx.coroutines.CoroutineScope, p2: kotlin.coroutines.Continuation<kotlin.Unit>?): kotlin.Any? declared in com.muhammad.util.AnimationUtilsKt.AnimatedTextField.<no name provided>' type=kotlin.Any? origin=BRIDGE_DELEGATION
                  $this: GET_VAR '<this>: com.muhammad.util.AnimationUtilsKt.AnimatedTextField.<no name provided> declared in com.muhammad.util.AnimationUtilsKt.AnimatedTextField.<no name provided>.invoke' type=com.muhammad.util.AnimationUtilsKt.AnimatedTextField.<no name provided> origin=null
                  p1: TYPE_OP type=kotlinx.coroutines.CoroutineScope origin=IMPLICIT_CAST typeOperand=kotlinx.coroutines.CoroutineScope
                    GET_VAR 'p1: kotlin.Any? declared in com.muhammad.util.AnimationUtilsKt.AnimatedTextField.<no name provided>.invoke' type=kotlin.Any? origin=null
                  p2: TYPE_OP type=kotlin.coroutines.Continuation<*> origin=IMPLICIT_CAST typeOperand=kotlin.coroutines.Continuation<*>
                    GET_VAR 'p2: kotlin.Any? declared in com.muhammad.util.AnimationUtilsKt.AnimatedTextField.<no name provided>.invoke' type=kotlin.Any? origin=null
        CONSTRUCTOR_CALL 'public/*package*/ constructor <init> ($targetEndState: kotlin.String?, $textFieldState: androidx.compose.foundation.text.input.TextFieldState, $breakIterator: @[FlexibleNullability] java.text.BreakIterator?, $typingDelayInMs: kotlin.Long, $completion: kotlin.coroutines.Continuation<com.muhammad.util.AnimationUtilsKt.AnimatedTextField.<no name provided>>?) [primary] declared in com.muhammad.util.AnimationUtilsKt.AnimatedTextField.<no name provided>' type=com.muhammad.util.AnimationUtilsKt.AnimatedTextField.<no name provided> origin=null
          $targetEndState: GET_VAR 'targetEndState: kotlin.String? declared in com.muhammad.util.AnimationUtilsKt.AnimatedTextField' type=kotlin.String? origin=null
          $textFieldState: GET_VAR 'textFieldState: androidx.compose.foundation.text.input.TextFieldState declared in com.muhammad.util.AnimationUtilsKt.AnimatedTextField' type=androidx.compose.foundation.text.input.TextFieldState origin=null
          $breakIterator: GET_VAR 'val breakIterator: @[FlexibleNullability] java.text.BreakIterator? [val] declared in com.muhammad.util.AnimationUtilsKt.AnimatedTextField' type=@[FlexibleNullability] java.text.BreakIterator? origin=null
          $typingDelayInMs: GET_VAR 'val typingDelayInMs: kotlin.Long [val] declared in com.muhammad.util.AnimationUtilsKt.AnimatedTextField' type=kotlin.Long origin=null
          $completion: CONST Null type=kotlin.Nothing? value=null
    CALL 'public final fun BasicTextField$default (state: androidx.compose.foundation.text.input.TextFieldState, modifier: androidx.compose.ui.Modifier?, enabled: kotlin.Boolean, readOnly: kotlin.Boolean, inputTransformation: androidx.compose.foundation.text.input.InputTransformation?, textStyle: androidx.compose.ui.text.TextStyle?, keyboardOptions: androidx.compose.foundation.text.KeyboardOptions?, onKeyboardAction: androidx.compose.foundation.text.input.KeyboardActionHandler?, lineLimits: androidx.compose.foundation.text.input.TextFieldLineLimits?, onTextLayout: @[ExtensionFunctionType] kotlin.Function2<androidx.compose.ui.unit.Density, @[ParameterName(name = "getResult")] kotlin.Function0<androidx.compose.ui.text.TextLayoutResult?>, kotlin.Unit>?, interactionSource: androidx.compose.foundation.interaction.MutableInteractionSource?, cursorBrush: androidx.compose.ui.graphics.Brush?, outputTransformation: androidx.compose.foundation.text.input.OutputTransformation?, decorator: androidx.compose.foundation.text.input.TextFieldDecorator?, scrollState: androidx.compose.foundation.ScrollState?, $mask0: kotlin.Int, $handler: kotlin.Any?): kotlin.Unit declared in androidx.compose.foundation.text.BasicTextFieldKt' type=kotlin.Unit origin=DEFAULT_DISPATCH_CALL
      state: GET_VAR 'textFieldState: androidx.compose.foundation.text.input.TextFieldState declared in com.muhammad.util.AnimationUtilsKt.AnimatedTextField' type=androidx.compose.foundation.text.input.TextFieldState origin=null
      modifier: GET_VAR 'modifier: androidx.compose.ui.Modifier declared in com.muhammad.util.AnimationUtilsKt.AnimatedTextField' type=androidx.compose.ui.Modifier origin=null
      enabled: COMPOSITE type=kotlin.Boolean origin=DEFAULT_VALUE
        CONST Boolean type=kotlin.Boolean value=false
      readOnly: COMPOSITE type=kotlin.Boolean origin=DEFAULT_VALUE
        CONST Boolean type=kotlin.Boolean value=false
      inputTransformation: COMPOSITE type=androidx.compose.foundation.text.input.InputTransformation? origin=DEFAULT_VALUE
        CONST Null type=androidx.compose.foundation.text.input.InputTransformation? value=null
      textStyle: GET_VAR 'style: androidx.compose.ui.text.TextStyle declared in com.muhammad.util.AnimationUtilsKt.AnimatedTextField' type=androidx.compose.ui.text.TextStyle origin=null
      keyboardOptions: COMPOSITE type=androidx.compose.foundation.text.KeyboardOptions? origin=DEFAULT_VALUE
        CONST Null type=androidx.compose.foundation.text.KeyboardOptions? value=null
      onKeyboardAction: COMPOSITE type=androidx.compose.foundation.text.input.KeyboardActionHandler? origin=DEFAULT_VALUE
        CONST Null type=androidx.compose.foundation.text.input.KeyboardActionHandler? value=null
      lineLimits: COMPOSITE type=androidx.compose.foundation.text.input.TextFieldLineLimits? origin=DEFAULT_VALUE
        CONST Null type=androidx.compose.foundation.text.input.TextFieldLineLimits? value=null
      onTextLayout: COMPOSITE type=@[ExtensionFunctionType] kotlin.Function2<androidx.compose.ui.unit.Density, @[ParameterName(name = "getResult")] kotlin.Function0<androidx.compose.ui.text.TextLayoutResult?>, kotlin.Unit>? origin=DEFAULT_VALUE
        CONST Null type=@[ExtensionFunctionType] kotlin.Function2<androidx.compose.ui.unit.Density, @[ParameterName(name = "getResult")] kotlin.Function0<androidx.compose.ui.text.TextLayoutResult?>, kotlin.Unit>? value=null
      interactionSource: COMPOSITE type=androidx.compose.foundation.interaction.MutableInteractionSource? origin=DEFAULT_VALUE
        CONST Null type=androidx.compose.foundation.interaction.MutableInteractionSource? value=null
      cursorBrush: COMPOSITE type=androidx.compose.ui.graphics.Brush? origin=DEFAULT_VALUE
        CONST Null type=androidx.compose.ui.graphics.Brush? value=null
      outputTransformation: COMPOSITE type=androidx.compose.foundation.text.input.OutputTransformation? origin=DEFAULT_VALUE
        CONST Null type=androidx.compose.foundation.text.input.OutputTransformation? value=null
      decorator: GET_VAR 'decorator: androidx.compose.foundation.text.input.TextFieldDecorator? declared in com.muhammad.util.AnimationUtilsKt.AnimatedTextField' type=androidx.compose.foundation.text.input.TextFieldDecorator? origin=null
      scrollState: COMPOSITE type=androidx.compose.foundation.ScrollState? origin=DEFAULT_VALUE
        CONST Null type=androidx.compose.foundation.ScrollState? value=null
      $mask0: CONST Int type=kotlin.Int value=24540
      $handler: CONST Null type=kotlin.Any? value=null

	at org.jetbrains.kotlin.backend.jvm.codegen.FunctionCodegen.generate(FunctionCodegen.kt:47)
	at org.jetbrains.kotlin.backend.jvm.codegen.FunctionCodegen.generate$default(FunctionCodegen.kt:40)
	at org.jetbrains.kotlin.backend.jvm.codegen.ClassCodegen.generateMethodNode(ClassCodegen.kt:406)
	at org.jetbrains.kotlin.backend.jvm.codegen.ClassCodegen.generateMethod(ClassCodegen.kt:423)
	at org.jetbrains.kotlin.backend.jvm.codegen.ClassCodegen.generate(ClassCodegen.kt:168)
	at org.jetbrains.kotlin.backend.jvm.FileCodegen.lower(JvmPhases.kt:39)
	at org.jetbrains.kotlin.backend.common.phaser.PhaseFactoriesKt.createFilePhase$lambda$4(PhaseFactories.kt:71)
	at org.jetbrains.kotlin.backend.common.phaser.PhaseBuildersKt$createSimpleNamedCompilerPhase$1.phaseBody(PhaseBuilders.kt:69)
	at org.jetbrains.kotlin.backend.common.phaser.SimpleNamedCompilerPhase.phaseBody(CompilerPhase.kt:226)
	at org.jetbrains.kotlin.backend.common.phaser.AbstractNamedCompilerPhase.invoke(CompilerPhase.kt:113)
	at org.jetbrains.kotlin.backend.common.phaser.PerformByIrFilePhase.invokeSequential(performByIrFile.kt:62)
	... 43 more
Caused by: org.jetbrains.kotlin.codegen.CompilationException: Back-end (JVM) Internal error: Couldn't inline method call: CALL 'public final fun remember <T> (key1: kotlin.Any?, calculation: @[DisallowComposableCalls] kotlin.Function0<T of androidx.compose.runtime.ComposablesKt.remember>): T of androidx.compose.runtime.ComposablesKt.remember [inline] declared in androidx.compose.runtime.ComposablesKt' type=@[FlexibleNullability] java.text.BreakIterator? origin=null
Method: null
File is unknown
The root cause java.lang.IllegalStateException was thrown at: org.jetbrains.kotlin.codegen.inline.SourceCompilerForInlineKt.getMethodNode(SourceCompilerForInline.kt:118)
	at org.jetbrains.kotlin.codegen.inline.InlineCodegen.performInline(InlineCodegen.kt:65)
	at org.jetbrains.kotlin.backend.jvm.codegen.IrInlineCodegen.genInlineCall(IrInlineCodegen.kt:163)
	at org.jetbrains.kotlin.backend.jvm.codegen.IrInlineCallGenerator.genCall(IrInlineCallGenerator.kt:36)
	at org.jetbrains.kotlin.backend.jvm.codegen.ExpressionCodegen.visitCall(ExpressionCodegen.kt:653)
	at org.jetbrains.kotlin.backend.jvm.codegen.ExpressionCodegen.visitCall(ExpressionCodegen.kt:138)
	at org.jetbrains.kotlin.ir.expressions.IrCall.accept(IrCall.kt:24)
	at org.jetbrains.kotlin.backend.jvm.codegen.ExpressionCodegen.visitVariable(ExpressionCodegen.kt:790)
	at org.jetbrains.kotlin.backend.jvm.codegen.ExpressionCodegen.visitVariable(ExpressionCodegen.kt:138)
	at org.jetbrains.kotlin.ir.declarations.IrVariable.accept(IrVariable.kt:36)
	at org.jetbrains.kotlin.backend.jvm.codegen.ExpressionCodegen.visitStatementContainer(ExpressionCodegen.kt:579)
	at org.jetbrains.kotlin.backend.jvm.codegen.ExpressionCodegen.visitBlockBody(ExpressionCodegen.kt:584)
	at org.jetbrains.kotlin.backend.jvm.codegen.ExpressionCodegen.visitBlockBody(ExpressionCodegen.kt:138)
	at org.jetbrains.kotlin.ir.expressions.IrBlockBody.accept(IrBlockBody.kt:20)
	at org.jetbrains.kotlin.backend.jvm.codegen.ExpressionCodegen.generate(ExpressionCodegen.kt:240)
	at org.jetbrains.kotlin.backend.jvm.codegen.FunctionCodegen.doGenerate(FunctionCodegen.kt:123)
	at org.jetbrains.kotlin.backend.jvm.codegen.FunctionCodegen.generate(FunctionCodegen.kt:44)
	... 53 more
Caused by: java.lang.IllegalStateException: couldn't find inline method Landroidx/compose/runtime/ComposablesKt;.remember(Ljava/lang/Object;Lkotlin/jvm/functions/Function0;)Ljava/lang/Object;
	at org.jetbrains.kotlin.codegen.inline.SourceCompilerForInlineKt.getMethodNode(SourceCompilerForInline.kt:118)
	at org.jetbrains.kotlin.codegen.inline.SourceCompilerForInlineKt.loadCompiledInlineFunction(SourceCompilerForInline.kt:96)
	at org.jetbrains.kotlin.backend.jvm.codegen.IrSourceCompilerForInline.compileInlineFunction(IrSourceCompilerForInline.kt:91)
	at org.jetbrains.kotlin.codegen.inline.InlineCodegen.compileInline(InlineCodegen.kt:43)
	at org.jetbrains.kotlin.codegen.inline.InlineCodegen.performInline(InlineCodegen.kt:51)
	... 68 more


